[2023-02-12 00:06:03:1037815][SpringContextShutdownHook] INFO  o.s.s.c.ThreadPoolTaskExecutor - Shutting down ExecutorService 'applicationTaskExecutor'
[2023-02-12 17:23:58:767][restartedMain] INFO  o.s.b.d.restart.ChangeableUrls - The Class-Path manifest attribute in C:\Users\Doomin\.m2\repository\com\oracle\database\jdbc\ojdbc8\19.8.0.0\ojdbc8-19.8.0.0.jar referenced one or more files that do not exist: file:/C:/Users/Doomin/.m2/repository/com/oracle/database/jdbc/ojdbc8/19.8.0.0/oraclepki.jar
[2023-02-12 17:23:58:768][restartedMain] INFO  o.s.b.d.e.DevToolsPropertyDefaultsPostProcessor - Devtools property defaults active! Set 'spring.devtools.add-properties' to 'false' to disable
[2023-02-12 17:23:58:768][restartedMain] INFO  o.s.b.d.e.DevToolsPropertyDefaultsPostProcessor - For additional web related logging consider setting the 'logging.level.web' property to 'DEBUG'
[2023-02-12 17:24:00:2180][restartedMain] INFO  o.s.b.w.e.tomcat.TomcatWebServer - Tomcat initialized with port(s): 8443 (https)
[2023-02-12 17:24:00:2455][restartedMain] INFO  o.s.b.w.s.c.ServletWebServerApplicationContext - Root WebApplicationContext: initialization completed in 1686 ms
[2023-02-12 17:24:00:2662][restartedMain] INFO  o.s.aop.framework.CglibAopProxy - Unable to proxy interface-implementing method [public final void org.springframework.dao.support.DaoSupport.afterPropertiesSet() throws java.lang.IllegalArgumentException,org.springframework.beans.factory.BeanInitializationException] because it is marked as final: Consider using interface-based JDK proxies instead!
[2023-02-12 17:24:00:2761][restartedMain] INFO  o.s.aop.framework.CglibAopProxy - Unable to proxy interface-implementing method [public final void org.springframework.dao.support.DaoSupport.afterPropertiesSet() throws java.lang.IllegalArgumentException,org.springframework.beans.factory.BeanInitializationException] because it is marked as final: Consider using interface-based JDK proxies instead!
[2023-02-12 17:24:01:2813][restartedMain] INFO  o.s.b.a.s.s.UserDetailsServiceAutoConfiguration - 

Using generated security password: fe70315c-d744-47fd-bc64-b295b247c875

[2023-02-12 17:24:01:2883][restartedMain] INFO  o.s.s.w.DefaultSecurityFilterChain - Will secure any request with [org.springframework.security.web.context.request.async.WebAsyncManagerIntegrationFilter@312f6f68, org.springframework.security.web.context.SecurityContextPersistenceFilter@3e80b046, org.springframework.security.web.header.HeaderWriterFilter@42cdd188, org.springframework.web.filter.CorsFilter@4c92b2b6, org.springframework.security.web.authentication.logout.LogoutFilter@58d361c0, org.springframework.security.web.savedrequest.RequestCacheAwareFilter@7af1c5c7, org.springframework.security.web.servletapi.SecurityContextHolderAwareRequestFilter@7b8ecea9, org.springframework.security.web.authentication.AnonymousAuthenticationFilter@466149c0, org.springframework.security.web.session.SessionManagementFilter@5beb4378, org.springframework.security.web.access.ExceptionTranslationFilter@551d356f, org.springframework.security.web.access.intercept.FilterSecurityInterceptor@4bb577cb]
[2023-02-12 17:24:01:3021][restartedMain] INFO  o.s.s.c.ThreadPoolTaskExecutor - Initializing ExecutorService 'applicationTaskExecutor'
[2023-02-12 17:24:01:3243][restartedMain] INFO  o.s.b.d.a.OptionalLiveReloadServer - LiveReload server is running on port 35729
[2023-02-12 17:24:01:3370][restartedMain] INFO  o.s.b.w.e.tomcat.TomcatWebServer - Tomcat started on port(s): 8443 (https) with context path ''
[2023-02-12 17:24:05:7479][https-jsse-nio-8443-exec-5] INFO  o.s.web.servlet.DispatcherServlet - Initializing Servlet 'dispatcherServlet'
[2023-02-12 17:24:05:7479][https-jsse-nio-8443-exec-5] INFO  o.s.web.servlet.DispatcherServlet - Completed initialization in 0 ms
[2023-02-12 17:47:05:1387095][SpringContextShutdownHook] INFO  o.s.s.c.ThreadPoolTaskExecutor - Shutting down ExecutorService 'applicationTaskExecutor'
[2023-02-12 17:47:26:645][restartedMain] INFO  o.s.b.d.restart.ChangeableUrls - The Class-Path manifest attribute in C:\Users\Doomin\.m2\repository\com\oracle\database\jdbc\ojdbc8\19.8.0.0\ojdbc8-19.8.0.0.jar referenced one or more files that do not exist: file:/C:/Users/Doomin/.m2/repository/com/oracle/database/jdbc/ojdbc8/19.8.0.0/oraclepki.jar
[2023-02-12 17:47:26:645][restartedMain] INFO  o.s.b.d.e.DevToolsPropertyDefaultsPostProcessor - Devtools property defaults active! Set 'spring.devtools.add-properties' to 'false' to disable
[2023-02-12 17:47:26:645][restartedMain] INFO  o.s.b.d.e.DevToolsPropertyDefaultsPostProcessor - For additional web related logging consider setting the 'logging.level.web' property to 'DEBUG'
[2023-02-12 17:47:27:2163][restartedMain] INFO  o.s.b.w.e.tomcat.TomcatWebServer - Tomcat initialized with port(s): 8443 (https)
[2023-02-12 17:47:27:2454][restartedMain] INFO  o.s.b.w.s.c.ServletWebServerApplicationContext - Root WebApplicationContext: initialization completed in 1808 ms
[2023-02-12 17:47:28:2701][restartedMain] INFO  o.s.aop.framework.CglibAopProxy - Unable to proxy interface-implementing method [public final void org.springframework.dao.support.DaoSupport.afterPropertiesSet() throws java.lang.IllegalArgumentException,org.springframework.beans.factory.BeanInitializationException] because it is marked as final: Consider using interface-based JDK proxies instead!
[2023-02-12 17:47:28:2758][restartedMain] WARN  o.s.b.w.s.c.AnnotationConfigServletWebServerApplicationContext - Exception encountered during context initialization - cancelling refresh attempt: org.springframework.beans.factory.BeanCreationException: Error creating bean with name 'collectionJob': Injection of autowired dependencies failed; nested exception is java.lang.IllegalArgumentException: Could not resolve placeholder 'spring.profiles.active' in value "${spring.profiles.active}"
[2023-02-12 17:47:28:2781][restartedMain] INFO  o.s.b.a.l.ConditionEvaluationReportLoggingListener - 

Error starting ApplicationContext. To display the conditions report re-run your application with 'debug' enabled.
[2023-02-12 17:47:28:2806][restartedMain] ERROR o.s.boot.SpringApplication - Application run failed
org.springframework.beans.factory.BeanCreationException: Error creating bean with name 'collectionJob': Injection of autowired dependencies failed; nested exception is java.lang.IllegalArgumentException: Could not resolve placeholder 'spring.profiles.active' in value "${spring.profiles.active}"
	at org.springframework.beans.factory.annotation.AutowiredAnnotationBeanPostProcessor.postProcessProperties(AutowiredAnnotationBeanPostProcessor.java:405)
	at org.springframework.beans.factory.support.AbstractAutowireCapableBeanFactory.populateBean(AbstractAutowireCapableBeanFactory.java:1413)
	at org.springframework.beans.factory.support.AbstractAutowireCapableBeanFactory.doCreateBean(AbstractAutowireCapableBeanFactory.java:601)
	at org.springframework.beans.factory.support.AbstractAutowireCapableBeanFactory.createBean(AbstractAutowireCapableBeanFactory.java:524)
	at org.springframework.beans.factory.support.AbstractBeanFactory.lambda$doGetBean$0(AbstractBeanFactory.java:335)
	at org.springframework.beans.factory.support.DefaultSingletonBeanRegistry.getSingleton(DefaultSingletonBeanRegistry.java:234)
	at org.springframework.beans.factory.support.AbstractBeanFactory.doGetBean(AbstractBeanFactory.java:333)
	at org.springframework.beans.factory.support.AbstractBeanFactory.getBean(AbstractBeanFactory.java:208)
	at org.springframework.beans.factory.support.DefaultListableBeanFactory.preInstantiateSingletons(DefaultListableBeanFactory.java:944)
	at org.springframework.context.support.AbstractApplicationContext.finishBeanFactoryInitialization(AbstractApplicationContext.java:918)
	at org.springframework.context.support.AbstractApplicationContext.refresh(AbstractApplicationContext.java:583)
	at org.springframework.boot.web.servlet.context.ServletWebServerApplicationContext.refresh(ServletWebServerApplicationContext.java:144)
	at org.springframework.boot.SpringApplication.refresh(SpringApplication.java:782)
	at org.springframework.boot.SpringApplication.refresh(SpringApplication.java:774)
	at org.springframework.boot.SpringApplication.refreshContext(SpringApplication.java:439)
	at org.springframework.boot.SpringApplication.run(SpringApplication.java:339)
	at org.springframework.boot.SpringApplication.run(SpringApplication.java:1340)
	at org.springframework.boot.SpringApplication.run(SpringApplication.java:1329)
	at com.acq.collection.acqcollectionbook.AcqCollectionBookApplication.main(AcqCollectionBookApplication.java:10)
	at java.base/jdk.internal.reflect.NativeMethodAccessorImpl.invoke0(Native Method)
	at java.base/jdk.internal.reflect.NativeMethodAccessorImpl.invoke(NativeMethodAccessorImpl.java:62)
	at java.base/jdk.internal.reflect.DelegatingMethodAccessorImpl.invoke(DelegatingMethodAccessorImpl.java:43)
	at java.base/java.lang.reflect.Method.invoke(Method.java:566)
	at org.springframework.boot.devtools.restart.RestartLauncher.run(RestartLauncher.java:49)
Caused by: java.lang.IllegalArgumentException: Could not resolve placeholder 'spring.profiles.active' in value "${spring.profiles.active}"
	at org.springframework.util.PropertyPlaceholderHelper.parseStringValue(PropertyPlaceholderHelper.java:178)
	at org.springframework.util.PropertyPlaceholderHelper.replacePlaceholders(PropertyPlaceholderHelper.java:124)
	at org.springframework.core.env.AbstractPropertyResolver.doResolvePlaceholders(AbstractPropertyResolver.java:239)
	at org.springframework.core.env.AbstractPropertyResolver.resolveRequiredPlaceholders(AbstractPropertyResolver.java:210)
	at org.springframework.context.support.PropertySourcesPlaceholderConfigurer.lambda$processProperties$0(PropertySourcesPlaceholderConfigurer.java:175)
	at org.springframework.beans.factory.support.AbstractBeanFactory.resolveEmbeddedValue(AbstractBeanFactory.java:936)
	at org.springframework.beans.factory.support.DefaultListableBeanFactory.doResolveDependency(DefaultListableBeanFactory.java:1321)
	at org.springframework.beans.factory.support.DefaultListableBeanFactory.resolveDependency(DefaultListableBeanFactory.java:1300)
	at org.springframework.beans.factory.annotation.AutowiredAnnotationBeanPostProcessor$AutowiredFieldElement.resolveFieldValue(AutowiredAnnotationBeanPostProcessor.java:657)
	at org.springframework.beans.factory.annotation.AutowiredAnnotationBeanPostProcessor$AutowiredFieldElement.inject(AutowiredAnnotationBeanPostProcessor.java:640)
	at org.springframework.beans.factory.annotation.InjectionMetadata.inject(InjectionMetadata.java:119)
	at org.springframework.beans.factory.annotation.AutowiredAnnotationBeanPostProcessor.postProcessProperties(AutowiredAnnotationBeanPostProcessor.java:399)
	... 23 common frames omitted
[2023-02-12 17:49:54:672][restartedMain] INFO  o.s.b.d.restart.ChangeableUrls - The Class-Path manifest attribute in C:\Users\Doomin\.m2\repository\com\oracle\database\jdbc\ojdbc8\19.8.0.0\ojdbc8-19.8.0.0.jar referenced one or more files that do not exist: file:/C:/Users/Doomin/.m2/repository/com/oracle/database/jdbc/ojdbc8/19.8.0.0/oraclepki.jar
[2023-02-12 17:49:54:673][restartedMain] INFO  o.s.b.d.e.DevToolsPropertyDefaultsPostProcessor - Devtools property defaults active! Set 'spring.devtools.add-properties' to 'false' to disable
[2023-02-12 17:49:54:673][restartedMain] INFO  o.s.b.d.e.DevToolsPropertyDefaultsPostProcessor - For additional web related logging consider setting the 'logging.level.web' property to 'DEBUG'
[2023-02-12 17:49:56:2100][restartedMain] INFO  o.s.b.w.e.tomcat.TomcatWebServer - Tomcat initialized with port(s): 8443 (https)
[2023-02-12 17:49:56:2371][restartedMain] INFO  o.s.b.w.s.c.ServletWebServerApplicationContext - Root WebApplicationContext: initialization completed in 1697 ms
[2023-02-12 17:49:56:2588][restartedMain] INFO  o.s.aop.framework.CglibAopProxy - Unable to proxy interface-implementing method [public final void org.springframework.dao.support.DaoSupport.afterPropertiesSet() throws java.lang.IllegalArgumentException,org.springframework.beans.factory.BeanInitializationException] because it is marked as final: Consider using interface-based JDK proxies instead!
[2023-02-12 17:49:56:2719][restartedMain] INFO  o.s.aop.framework.CglibAopProxy - Unable to proxy interface-implementing method [public final void org.springframework.dao.support.DaoSupport.afterPropertiesSet() throws java.lang.IllegalArgumentException,org.springframework.beans.factory.BeanInitializationException] because it is marked as final: Consider using interface-based JDK proxies instead!
[2023-02-12 17:49:56:2774][restartedMain] INFO  o.s.b.a.s.s.UserDetailsServiceAutoConfiguration - 

Using generated security password: 0c9c9177-3184-4f03-9f70-e71a9bcb1bd0

[2023-02-12 17:49:56:2852][restartedMain] INFO  o.s.s.w.DefaultSecurityFilterChain - Will secure any request with [org.springframework.security.web.context.request.async.WebAsyncManagerIntegrationFilter@5534fa50, org.springframework.security.web.context.SecurityContextPersistenceFilter@5fad726a, org.springframework.security.web.header.HeaderWriterFilter@63e22ec5, org.springframework.web.filter.CorsFilter@30895d01, org.springframework.security.web.authentication.logout.LogoutFilter@d8a7de1, org.springframework.security.web.savedrequest.RequestCacheAwareFilter@537d86ee, org.springframework.security.web.servletapi.SecurityContextHolderAwareRequestFilter@386bc95, org.springframework.security.web.authentication.AnonymousAuthenticationFilter@e86cbb8, org.springframework.security.web.session.SessionManagementFilter@14c0113b, org.springframework.security.web.access.ExceptionTranslationFilter@73d74e70, org.springframework.security.web.access.intercept.FilterSecurityInterceptor@3545ab42]
[2023-02-12 17:49:57:3000][restartedMain] INFO  o.s.s.c.ThreadPoolTaskExecutor - Initializing ExecutorService 'applicationTaskExecutor'
[2023-02-12 17:49:57:3240][restartedMain] INFO  o.s.b.d.a.OptionalLiveReloadServer - LiveReload server is running on port 35729
[2023-02-12 17:49:57:3373][restartedMain] INFO  o.s.b.w.e.tomcat.TomcatWebServer - Tomcat started on port(s): 8443 (https) with context path ''
[2023-02-12 17:50:04:10855][restartedMain] INFO  o.s.s.c.ThreadPoolTaskScheduler - Initializing ExecutorService
[2023-02-12 17:50:55:61312][SpringContextShutdownHook] INFO  o.s.s.c.ThreadPoolTaskExecutor - Shutting down ExecutorService 'applicationTaskExecutor'
[2023-02-12 17:51:04:708][restartedMain] INFO  o.s.b.d.restart.ChangeableUrls - The Class-Path manifest attribute in C:\Users\Doomin\.m2\repository\com\oracle\database\jdbc\ojdbc8\19.8.0.0\ojdbc8-19.8.0.0.jar referenced one or more files that do not exist: file:/C:/Users/Doomin/.m2/repository/com/oracle/database/jdbc/ojdbc8/19.8.0.0/oraclepki.jar
[2023-02-12 17:51:04:709][restartedMain] INFO  o.s.b.d.e.DevToolsPropertyDefaultsPostProcessor - Devtools property defaults active! Set 'spring.devtools.add-properties' to 'false' to disable
[2023-02-12 17:51:04:709][restartedMain] INFO  o.s.b.d.e.DevToolsPropertyDefaultsPostProcessor - For additional web related logging consider setting the 'logging.level.web' property to 'DEBUG'
[2023-02-12 17:51:06:2191][restartedMain] INFO  o.s.b.w.e.tomcat.TomcatWebServer - Tomcat initialized with port(s): 8443 (https)
[2023-02-12 17:51:06:2484][restartedMain] INFO  o.s.b.w.s.c.ServletWebServerApplicationContext - Root WebApplicationContext: initialization completed in 1774 ms
[2023-02-12 17:51:06:2723][restartedMain] INFO  o.s.aop.framework.CglibAopProxy - Unable to proxy interface-implementing method [public final void org.springframework.dao.support.DaoSupport.afterPropertiesSet() throws java.lang.IllegalArgumentException,org.springframework.beans.factory.BeanInitializationException] because it is marked as final: Consider using interface-based JDK proxies instead!
[2023-02-12 17:51:06:2859][restartedMain] INFO  o.s.aop.framework.CglibAopProxy - Unable to proxy interface-implementing method [public final void org.springframework.dao.support.DaoSupport.afterPropertiesSet() throws java.lang.IllegalArgumentException,org.springframework.beans.factory.BeanInitializationException] because it is marked as final: Consider using interface-based JDK proxies instead!
[2023-02-12 17:51:07:2930][restartedMain] INFO  o.s.b.a.s.s.UserDetailsServiceAutoConfiguration - 

Using generated security password: 8b3a4c8e-5cc4-4d1c-9922-d7f89e74d2ea

[2023-02-12 17:51:07:3020][restartedMain] INFO  o.s.s.w.DefaultSecurityFilterChain - Will secure any request with [org.springframework.security.web.context.request.async.WebAsyncManagerIntegrationFilter@207fbe2a, org.springframework.security.web.context.SecurityContextPersistenceFilter@74a2ba25, org.springframework.security.web.header.HeaderWriterFilter@1e8de5e, org.springframework.web.filter.CorsFilter@265f636f, org.springframework.security.web.authentication.logout.LogoutFilter@17e4c646, org.springframework.security.web.savedrequest.RequestCacheAwareFilter@4b433b7c, org.springframework.security.web.servletapi.SecurityContextHolderAwareRequestFilter@4797bbfd, org.springframework.security.web.authentication.AnonymousAuthenticationFilter@46394fdf, org.springframework.security.web.session.SessionManagementFilter@17259afd, org.springframework.security.web.access.ExceptionTranslationFilter@44e853d9, org.springframework.security.web.access.intercept.FilterSecurityInterceptor@41505492]
[2023-02-12 17:51:07:3182][restartedMain] INFO  o.s.s.c.ThreadPoolTaskExecutor - Initializing ExecutorService 'applicationTaskExecutor'
[2023-02-12 17:51:07:3422][restartedMain] INFO  o.s.b.d.a.OptionalLiveReloadServer - LiveReload server is running on port 35729
[2023-02-12 17:51:07:3561][restartedMain] INFO  o.s.b.w.e.tomcat.TomcatWebServer - Tomcat started on port(s): 8443 (https) with context path ''
[2023-02-12 17:51:07:3576][restartedMain] INFO  o.s.s.c.ThreadPoolTaskScheduler - Initializing ExecutorService
[2023-02-12 17:51:20:16576][SpringContextShutdownHook] INFO  o.s.s.c.ThreadPoolTaskExecutor - Shutting down ExecutorService 'applicationTaskExecutor'
